<?xml version="1.0" encoding="UTF-8"?>
<!-- Generated by org.testng.reporters.JUnitReportReporter -->
<testsuite hostname="LAPTOP-PM32PVUV" failures="0" tests="1" name="function.Credentials" time="2.069" errors="0" timestamp="30 Nov 2024 10:17:20 GMT">
  <testcase classname="function.Credentials" name="Home" time="2.069"/>
</testsuite> <!-- function.Credentials -->
