<?xml version="1.0" encoding="UTF-8"?>
<!-- Generated by org.testng.reporters.JUnitReportReporter -->
<testsuite hostname="Nigith" failures="0" tests="2" name="function.Annotation" time="0.012" errors="0" timestamp="20 Nov 2024 09:10:02 GMT">
  <testcase classname="function.Annotation" name="Testcase1" time="0.011"/>
  <testcase classname="function.Annotation" name="Testcase2" time="0.001"/>
</testsuite> <!-- function.Annotation -->
