<?xml version="1.0" encoding="UTF-8"?>
<!-- Generated by org.testng.reporters.JUnitReportReporter -->
<testsuite hostname="Nigith" failures="0" tests="2" name="function.TestngAnnotation" time="0.015" errors="0" timestamp="20 Nov 2024 08:14:20 GMT">
  <testcase classname="function.TestngAnnotation" name="testCase2" time="0.004"/>
  <testcase classname="function.TestngAnnotation" name="testCase1" time="0.011"/>
</testsuite> <!-- function.TestngAnnotation -->
