<?xml version="1.0" encoding="UTF-8"?>
<!-- Generated by org.testng.reporters.JUnitReportReporter -->
<testsuite hostname="Nigith" failures="0" tests="1" name="function.Login" time="11.133" errors="0" timestamp="20 Nov 2024 07:06:30 GMT">
  <testcase classname="function.Login" name="Home" time="11.133"/>
</testsuite> <!-- function.Login -->
